#
# There is insufficient memory for the Java Runtime Environment to continue.
# Native memory allocation (mmap) failed to map 536870912 bytes for Failed to commit area from 0x0000000601e00000 to 0x0000000621e00000 of length 536870912.
# Possible reasons:
#   The system is out of physical RAM or swap space
#   The process is running with CompressedOops enabled, and the Java Heap may be blocking the growth of the native heap
# Possible solutions:
#   Reduce memory load on the system
#   Increase physical memory or swap space
#   Check if swap backing store is full
#   Decrease Java heap size (-Xmx/-Xms)
#   Decrease number of Java threads
#   Decrease Java thread stack sizes (-Xss)
#   Set larger code cache with -XX:ReservedCodeCacheSize=
# This output file may be truncated or incomplete.
#
#  Out of Memory Error (./src/hotspot/os/windows/os_windows.cpp:3303), pid=6552, tid=18392
#
# JRE version:  (11.0.8+10) (build )
# Java VM: OpenJDK 64-Bit Server VM (11.0.8+10-b944.6842174, mixed mode, sharing, tiered, compressed oops, g1 gc, windows-amd64)
# No core dump will be written. Minidumps are not enabled by default on client versions of Windows
#

---------------  S U M M A R Y ------------

Command Line: 

Host: Intel(R) Core(TM) i5-4690 CPU @ 3.50GHz, 4 cores, 31G,  Windows 7 , 64 bit Build 7601 (6.1.7601.23677)
Time: Thu Jul 21 04:30:55 2022 ¢Dx¢D_?D¡PCRE?! elapsed time: 0 seconds (0d 0h 0m 0s)

---------------  T H R E A D  ---------------

Current thread (0x0000000000507000):  JavaThread "Unknown thread" [_thread_in_vm, id=18392, stack(0x0000000002310000,0x0000000002410000)]

Stack: [0x0000000002310000,0x0000000002410000]
Native frames: (J=compiled Java code, j=interpreted, Vv=VM code, C=native code)
V  [jvm.dll+0x5de50a]
V  [jvm.dll+0x7122f5]
V  [jvm.dll+0x71384d]
V  [jvm.dll+0x713f03]
V  [jvm.dll+0x23e728]
V  [jvm.dll+0x5db9a4]
V  [jvm.dll+0x5d0ae5]
V  [jvm.dll+0x2fb20b]
V  [jvm.dll+0x2fb17a]
V  [jvm.dll+0x2fb052]
V  [jvm.dll+0x2fff16]
V  [jvm.dll+0x348743]
V  [jvm.dll+0x348e46]
V  [jvm.dll+0x348843]
V  [jvm.dll+0x2d5d68]
V  [jvm.dll+0x2d6f07]
V  [jvm.dll+0x6f11f7]
V  [jvm.dll+0x6f29ec]
V  [jvm.dll+0x355cb9]
V  [jvm.dll+0x6d4ade]
V  [jvm.dll+0x3bdfe3]
V  [jvm.dll+0x3c0201]
C  [jli.dll+0x5373]
C  [ucrtbase.DLL+0x682dd]
C  [kernel32.dll+0x159cd]
C  [ntdll.dll+0x2a561]


---------------  P R O C E S S  ---------------

Threads class SMR info:
_java_thread_list=0x00000000004e30b0, length=0, elements={
}

Java Threads: ( => current thread )

Other Threads:
  0x0000000000521800 GCTaskThread "GC Thread#0" [stack: 0x00000000153d0000,0x00000000154d0000] [id=11656]
  0x0000000028730000 ConcurrentGCThread "G1 Main Marker" [stack: 0x00000000289f0000,0x0000000028af0000] [id=18468]
  0x000000000058f800 ConcurrentGCThread "G1 Conc#0" [stack: 0x0000000028b10000,0x0000000028c10000] [id=9224]

[error occurred during error reporting (printing all threads), id 0xc0000005, EXCEPTION_ACCESS_VIOLATION (0xc0000005) at pc=0x000007feacd26357]

VM state:not at safepoint (not fully initialized)

VM Mutex/Monitor currently owned by a thread:  ([mutex/lock_event])
[0x0000000000504900] Heap_lock - owner thread: 0x0000000000507000

Heap address: 0x0000000601e00000, size: 8162 MB, Compressed Oops mode: Non-zero based: 0x0000000601e00000
Narrow klass base: 0x0000000000000000, Narrow klass shift: 0

GC Heap History (0 events):
No events

Deoptimization events (0 events):
No events

Classes redefined (0 events):
No events

Internal exceptions (0 events):
No events

Events (1 events):
Event: 0.004 Loaded shared library C:\Program Files\Android\Android Studio\jre\bin\zip.dll


Dynamic libraries:
0x000000013ff30000 - 0x000000013ff3a000 	C:\Program Files\Android\Android Studio\jre\bin\java.EXE
0x0000000077130000 - 0x00000000772da000 	C:\Windows\SYSTEM32\ntdll.dll
0x0000000076f10000 - 0x000000007702f000 	C:\Windows\system32\kernel32.dll
0x000007fefcf90000 - 0x000007fefcffa000 	C:\Windows\system32\KERNELBASE.dll
0x000007feb8780000 - 0x000007feb8799000 	C:\Program Files\Android\Android Studio\jre\bin\jli.dll
0x000007fefaaf0000 - 0x000007feface4000 	C:\Windows\WinSxS\amd64_microsoft.windows.common-controls_6595b64144ccf1df_6.0.7601.18837_none_fa3b1e3d17594757\COMCTL32.dll
0x000007fefd1d0000 - 0x000007fefd26f000 	C:\Windows\system32\msvcrt.dll
0x000007feff3d0000 - 0x000007feff437000 	C:\Windows\system32\GDI32.dll
0x0000000077030000 - 0x000000007712a000 	C:\Windows\system32\USER32.dll
0x000007feff3b0000 - 0x000007feff3be000 	C:\Windows\system32\LPK.dll
0x000007fefe550000 - 0x000007fefe61a000 	C:\Windows\system32\USP10.dll
0x000007fefdef0000 - 0x000007fefdf61000 	C:\Windows\system32\SHLWAPI.dll
0x000007feb2c60000 - 0x000007feb2c77000 	C:\Program Files\Android\Android Studio\jre\bin\VCRUNTIME140.dll
0x000007fee9780000 - 0x000007fee9784000 	C:\Windows\system32\api-ms-win-crt-runtime-l1-1-0.dll
0x000007fee9680000 - 0x000007fee9772000 	C:\Windows\system32\ucrtbase.DLL
0x000007fee9670000 - 0x000007fee9673000 	C:\Windows\system32\api-ms-win-core-timezone-l1-1-0.dll
0x000007fee9660000 - 0x000007fee9663000 	C:\Windows\system32\api-ms-win-core-file-l2-1-0.dll
0x000007fee9650000 - 0x000007fee9653000 	C:\Windows\system32\api-ms-win-core-localization-l1-2-0.dll
0x000007fefc070000 - 0x000007fefc073000 	C:\Windows\system32\api-ms-win-core-synch-l1-2-0.dll
0x000007fee9640000 - 0x000007fee9643000 	C:\Windows\system32\api-ms-win-core-processthreads-l1-1-1.dll
0x000007fee94e0000 - 0x000007fee94e3000 	C:\Windows\system32\api-ms-win-core-file-l1-2-0.dll
0x000007fee94c0000 - 0x000007fee94c4000 	C:\Windows\system32\api-ms-win-crt-string-l1-1-0.dll
0x000007fee94d0000 - 0x000007fee94d3000 	C:\Windows\system32\api-ms-win-crt-heap-l1-1-0.dll
0x000007fee94b0000 - 0x000007fee94b4000 	C:\Windows\system32\api-ms-win-crt-stdio-l1-1-0.dll
0x000007fee94a0000 - 0x000007fee94a4000 	C:\Windows\system32\api-ms-win-crt-convert-l1-1-0.dll
0x000007fee9020000 - 0x000007fee9023000 	C:\Windows\system32\api-ms-win-crt-environment-l1-1-0.dll
0x000007fee9040000 - 0x000007fee9043000 	C:\Windows\system32\api-ms-win-crt-filesystem-l1-1-0.dll
0x000007fee9010000 - 0x000007fee9015000 	C:\Windows\system32\api-ms-win-crt-math-l1-1-0.dll
0x000007fee9490000 - 0x000007fee9493000 	C:\Windows\system32\api-ms-win-crt-locale-l1-1-0.dll
0x000007fefe490000 - 0x000007fefe4be000 	C:\Windows\system32\IMM32.DLL
0x000007fefd720000 - 0x000007fefd829000 	C:\Windows\system32\MSCTF.dll
0x000007feb2bc0000 - 0x000007feb2c5d000 	C:\Program Files\Android\Android Studio\jre\bin\msvcp140.dll
0x000007fed7f70000 - 0x000007fed7f75000 	C:\Windows\system32\api-ms-win-crt-multibyte-l1-1-0.dll
0x000007fee9030000 - 0x000007fee9033000 	C:\Windows\system32\api-ms-win-crt-time-l1-1-0.dll
0x000007fee9000000 - 0x000007fee9003000 	C:\Windows\system32\api-ms-win-crt-utility-l1-1-0.dll
0x000007feaca40000 - 0x000007fead4fc000 	C:\Program Files\Android\Android Studio\jre\bin\server\jvm.dll
0x000007fefd830000 - 0x000007fefd90b000 	C:\Windows\system32\ADVAPI32.dll
0x000007fefe4e0000 - 0x000007fefe4ff000 	C:\Windows\SYSTEM32\sechost.dll
0x000007fefd910000 - 0x000007fefda3d000 	C:\Windows\system32\RPCRT4.dll
0x000007fef8500000 - 0x000007fef8509000 	C:\Windows\system32\WSOCK32.dll
0x000007fefe500000 - 0x000007fefe54d000 	C:\Windows\system32\WS2_32.dll
0x000007feff3c0000 - 0x000007feff3c8000 	C:\Windows\system32\NSI.dll
0x000007fef8b00000 - 0x000007fef8b3b000 	C:\Windows\system32\WINMM.dll
0x000007fefc080000 - 0x000007fefc08c000 	C:\Windows\system32\VERSION.dll
0x00000000772f0000 - 0x00000000772f7000 	C:\Windows\system32\PSAPI.DLL
0x000007febba80000 - 0x000007febba91000 	C:\Program Files\Android\Android Studio\jre\bin\verify.dll
0x000007feeb2f0000 - 0x000007feeb415000 	C:\Windows\system32\DBGHELP.DLL
0x000007fed7450000 - 0x000007fed7479000 	C:\Program Files\Android\Android Studio\jre\bin\java.dll
0x000007fedaa70000 - 0x000007fedaa7b000 	C:\Program Files\Android\Android Studio\jre\bin\jimage.dll
0x000007feb3b30000 - 0x000007feb3b48000 	C:\Program Files\Android\Android Studio\jre\bin\zip.dll

dbghelp: loaded successfully - version: 4.0.5 - missing functions: none
symbol engine: initialized successfully - sym options: 0x614 - pdb path: .;C:\Program Files\Android\Android Studio\jre\bin;C:\Windows\SYSTEM32;C:\Windows\WinSxS\amd64_microsoft.windows.common-controls_6595b64144ccf1df_6.0.7601.18837_none_fa3b1e3d17594757;C:\Program Files\Android\Android Studio\jre\bin\server

VM Arguments:
java_command: <unknown>
java_class_path (initial): <not set>
Launcher Type: SUN_STANDARD

[Global flags]
     intx CICompilerCount                          = 3                                         {product} {ergonomic}
     uint ConcGCThreads                            = 1                                         {product} {ergonomic}
     uint G1ConcRefinementThreads                  = 4                                         {product} {ergonomic}
   size_t G1HeapRegionSize                         = 2097152                                   {product} {ergonomic}
    uintx GCDrainStackTargetSize                   = 64                                        {product} {ergonomic}
   size_t InitialHeapSize                          = 536870912                                 {product} {ergonomic}
   size_t MarkStackSize                            = 4194304                                   {product} {ergonomic}
   size_t MaxHeapSize                              = 8558477312                                {product} {ergonomic}
   size_t MinHeapDeltaBytes                        = 2097152                                   {product} {ergonomic}
    uintx NonNMethodCodeHeapSize                   = 5830732                                {pd product} {ergonomic}
    uintx NonProfiledCodeHeapSize                  = 122913754                              {pd product} {ergonomic}
    uintx ProfiledCodeHeapSize                     = 122913754                              {pd product} {ergonomic}
    uintx ReservedCodeCacheSize                    = 251658240                              {pd product} {ergonomic}
     bool SegmentedCodeCache                       = true                                      {product} {ergonomic}
     bool UseCompressedClassPointers               = true                                 {lp64_product} {ergonomic}
     bool UseCompressedOops                        = true                                 {lp64_product} {ergonomic}
     bool UseG1GC                                  = true                                      {product} {ergonomic}
     bool UseLargePagesIndividualAllocation        = false                                  {pd product} {ergonomic}

Logging:
Log output configuration:
 #0: stdout all=warning uptime,level,tags
 #1: stderr all=off uptime,level,tags

Environment Variables:
PATH=C:\Program Files (x86)\Common Files\Oracle\Java\javapath;C:\ProgramData\Oracle\Java\javapath;C:\Windows\system32;C:\Windows;C:\Windows\System32\Wbem;C:\Windows\System32\WindowsPowerShell\v1.0\;C:\Program Files (x86)\NVIDIA Corporation\PhysX\Common;C:\Program Files\NVIDIA Corporation\NVIDIA NvDLISR;C:\Program Files\dotnet\;C:\Program Files\Microsoft SQL Server\130\Tools\Binn\;C:\Program Files\Microsoft SQL Server\Client SDK\ODBC\170\Tools\Binn\;D:\Program Files\Git\cmd;D:\flutter\bin;C:\Windows\System32\WindowsPowerShell\v1.0\;C:\Program Files\Microsoft VS Code\bin;C:\xampp\php;C:\composer;C:\Users\Eric\AppData\Local\GitHubDesktop\bin;C:\Users\Eric\AppData\Local\Programs\Microsoft VS Code\bin;C:\Users\Eric\.dotnet\tools;D:\flutter\bin;C:\Users\Eric\AppData\Roaming\Composer\vendor\bin;D:\flutter\bin\mingit\cmd
USERNAME=Eric
OS=Windows_NT
PROCESSOR_IDENTIFIER=Intel64 Family 6 Model 60 Stepping 3, GenuineIntel



---------------  S Y S T E M  ---------------

OS: Windows 7 , 64 bit Build 7601 (6.1.7601.23677)
OS uptime: 4 days 2:59 hours

CPU:total 4 (initial active 4) (4 cores per cpu, 1 threads per core) family 6 model 60 stepping 3, cmov, cx8, fxsr, mmx, sse, sse2, sse3, ssse3, sse4.1, sse4.2, popcnt, avx, avx2, aes, clmul, erms, rtm, lzcnt, tsc, tscinvbit, bmi1, bmi2, fma

Memory: 4k page, system-wide physical 32641M (9877M free)
TotalPageFile size 40639M (AvailPageFile size 348M)
current process WorkingSet (physical memory assigned to process): 10M, peak: 10M
current process commit charge ("private bytes"): 70M, peak: 581M

vm_info: OpenJDK 64-Bit Server VM (11.0.8+10-b944.6842174) for windows-amd64 JRE (11.0.8+10-b944.6842174), built on Sep 19 2020 01:11:42 by "builder" with MS VC++ 14.0 (VS2015)

END.
